\BOOKMARK [1][-]{tableofcontents.1}{Contents}{}% 1
\BOOKMARK [0][]{section*.2}{Summary}{}% 2
\BOOKMARK [0][]{section*.4}{Kokkuv\365te}{}% 3
\BOOKMARK [0][]{dummy.3}{List of Publications}{}% 4
\BOOKMARK [0][]{dummy.4}{List of Conference Presentations}{}% 5
\BOOKMARK [0][]{dummy.5}{Released Software}{}% 6
\BOOKMARK [0][]{dummy.6}{Preface}{}% 7
\BOOKMARK [0][]{chapter*.12}{Acknowledgements}{}% 8
\BOOKMARK [0][]{section*.14}{Acronyms}{}% 9
\BOOKMARK [-1][]{part.1}{Thesis}{}% 10
\BOOKMARK [0][]{chapter.1}{1 Introduction}{part.1}% 11
\BOOKMARK [0][]{chapter.2}{2 Raster image correlation spectroscopy}{part.1}% 12
\BOOKMARK [1][-]{section.2.1}{2.1 Fundamentals}{chapter.2}% 13
\BOOKMARK [2][-]{subsection.2.1.1}{2.1.1 Image acquisition}{section.2.1}% 14
\BOOKMARK [2][-]{subsection.2.1.2}{2.1.2 Correlation function \046 diffusion}{section.2.1}% 15
\BOOKMARK [2][-]{subsection.2.1.3}{2.1.3 Time delay between pixels}{section.2.1}% 16
\BOOKMARK [1][-]{section.2.2}{2.2 Extensions to RICS}{chapter.2}% 17
\BOOKMARK [2][-]{subsection.2.2.1}{2.2.1 Motivation for modifications}{section.2.2}% 18
\BOOKMARK [2][-]{subsection.2.2.2}{2.2.2 Variation of scanning angle}{section.2.2}% 19
\BOOKMARK [2][-]{subsection.2.2.3}{2.2.3 Variation of scanning resolution}{section.2.2}% 20
\BOOKMARK [2][-]{subsection.2.2.4}{2.2.4 Two diffusing species}{section.2.2}% 21
\BOOKMARK [2][-]{subsection.2.2.5}{2.2.5 Triplet states}{section.2.2}% 22
\BOOKMARK [1][-]{section.2.3}{2.3 Full form of correlation function}{chapter.2}% 23
\BOOKMARK [0][]{chapter.3}{3 Estimation of diffusion coefficients in rat cardiomyocytes}{part.1}% 24
\BOOKMARK [1][-]{section.3.1}{3.1 Cardiomyocyte preparation}{chapter.3}% 25
\BOOKMARK [1][-]{section.3.2}{3.2 Diffusion coefficients in cardiomyocytes}{chapter.3}% 26
\BOOKMARK [1][-]{section.3.3}{3.3 Conclusions}{chapter.3}% 27
\BOOKMARK [0][]{chapter.4}{4 Numerical simulations of restricted diffusion}{part.1}% 28
\BOOKMARK [1][-]{section.4.1}{4.1 Computational model setup}{chapter.4}% 29
\BOOKMARK [1][-]{section.4.2}{4.2 Barrier properties estimated from computational model}{chapter.4}% 30
\BOOKMARK [1][-]{section.4.3}{4.3 Conclusions}{chapter.4}% 31
\BOOKMARK [0][]{chapter.5}{5 One-dimensional computational RICS}{part.1}% 32
\BOOKMARK [1][-]{section.5.1}{5.1 Motivation \046 model setup}{chapter.5}% 33
\BOOKMARK [1][-]{section.5.2}{5.2 Barrier effects on regional diffusion coefficients}{chapter.5}% 34
\BOOKMARK [1][-]{section.5.3}{5.3 Conclusions}{chapter.5}% 35
\BOOKMARK [0][]{chapter.6}{6 Hypertrofic cardiomyopathy in RAF1 mutants}{part.1}% 36
\BOOKMARK [0][]{chapter.7}{7 Development of cardiac energetics in postnatal mouse heart}{part.1}% 37
\BOOKMARK [0][]{chapter.8}{8 Conclusions}{part.1}% 38
\BOOKMARK [1][-]{section*.32}{Extended RICS technique}{chapter.8}% 39
\BOOKMARK [1][-]{section*.33}{Estimation of diffusion coefficients of fluorescent dyes}{chapter.8}% 40
\BOOKMARK [1][-]{section*.34}{Mathematical modelling of restricted diffusion}{chapter.8}% 41
\BOOKMARK [1][-]{section*.35}{Cardiomyocyte hypertrophy in Noonan syndrome}{chapter.8}% 42
\BOOKMARK [1][-]{section*.36}{Development of energetic microdomains}{chapter.8}% 43
\BOOKMARK [-1][]{part.2}{Bibliography}{}% 44
\BOOKMARK [-1][]{part.3}{Curriculum Vitae}{}% 45
\BOOKMARK [-1][]{part.4}{Appendix}{}% 46
\BOOKMARK [0][]{section*.40}{Publication I}{part.4}% 47
\BOOKMARK [0][]{section*.42}{Publication II}{part.4}% 48
\BOOKMARK [0][]{section*.44}{Publication III}{part.4}% 49
